<?xml version="1.0" encoding="UTF-8"?>
<testsuite xmlns:xsi="http://www.w3.org/2001/XMLSchema-instance" xsi:noNamespaceSchemaLocation="https://maven.apache.org/surefire/maven-surefire-plugin/xsd/surefire-test-report.xsd" name="org.example.AppTest" time="0.041" tests="1" errors="0" skipped="0" failures="0">
  <properties>
    <property name="sun.desktop" value="windows"/>
    <property name="awt.toolkit" value="sun.awt.windows.WToolkit"/>
    <property name="file.encoding.pkg" value="sun.io"/>
    <property name="java.specification.version" value="1.8"/>
    <property name="sun.cpu.isalist" value="amd64"/>
    <property name="sun.jnu.encoding" value="GBK"/>
    <property name="java.class.path" value="D:\文档书籍代码\coding\华云中盛\jena-hai\target\test-classes;D:\文档书籍代码\coding\华云中盛\jena-hai\target\classes;C:\Users\Hua-cloud\.m2\repository\junit\junit\4.11\junit-4.11.jar;C:\Users\Hua-cloud\.m2\repository\org\hamcrest\hamcrest-core\1.3\hamcrest-core-1.3.jar;C:\Users\Hua-cloud\.m2\repository\org\slf4j\slf4j-api\1.7.26\slf4j-api-1.7.26.jar;"/>
    <property name="java.vm.vendor" value="Oracle Corporation"/>
    <property name="sun.arch.data.model" value="64"/>
    <property name="user.variant" value=""/>
    <property name="java.vendor.url" value="http://java.oracle.com/"/>
    <property name="user.timezone" value="Asia/Shanghai"/>
    <property name="java.vm.specification.version" value="1.8"/>
    <property name="os.name" value="Windows 10"/>
    <property name="user.country" value="CN"/>
    <property name="sun.java.launcher" value="SUN_STANDARD"/>
    <property name="sun.boot.library.path" value="D:\软件\JDK\jre\bin"/>
    <property name="sun.java.command" value="C:\Users\HUA-CL~1\AppData\Local\Temp\surefire8115116573313688648\surefirebooter6373877979056379285.jar C:\Users\Hua-cloud\AppData\Local\Temp\surefire8115116573313688648 2020-03-25T10-05-43_856-jvmRun1 surefire5037385225906706555tmp surefire_08138937231882932319tmp"/>
    <property name="surefire.test.class.path" value="D:\文档书籍代码\coding\华云中盛\jena-hai\target\test-classes;D:\文档书籍代码\coding\华云中盛\jena-hai\target\classes;C:\Users\Hua-cloud\.m2\repository\junit\junit\4.11\junit-4.11.jar;C:\Users\Hua-cloud\.m2\repository\org\hamcrest\hamcrest-core\1.3\hamcrest-core-1.3.jar;C:\Users\Hua-cloud\.m2\repository\org\slf4j\slf4j-api\1.7.26\slf4j-api-1.7.26.jar;"/>
    <property name="sun.cpu.endian" value="little"/>
    <property name="user.home" value="C:\Users\Hua-cloud"/>
    <property name="user.language" value="zh"/>
    <property name="java.specification.vendor" value="Oracle Corporation"/>
    <property name="java.home" value="D:\软件\JDK\jre"/>
    <property name="basedir" value="D:\文档书籍代码\coding\华云中盛\jena-hai"/>
    <property name="file.separator" value="\"/>
    <property name="line.separator" value="&#10;"/>
    <property name="java.vm.specification.vendor" value="Oracle Corporation"/>
    <property name="java.specification.name" value="Java Platform API Specification"/>
    <property name="java.awt.graphicsenv" value="sun.awt.Win32GraphicsEnvironment"/>
    <property name="surefire.real.class.path" value="C:\Users\HUA-CL~1\AppData\Local\Temp\surefire8115116573313688648\surefirebooter6373877979056379285.jar"/>
    <property name="sun.boot.class.path" value="D:\软件\JDK\jre\lib\resources.jar;D:\软件\JDK\jre\lib\rt.jar;D:\软件\JDK\jre\lib\sunrsasign.jar;D:\软件\JDK\jre\lib\jsse.jar;D:\软件\JDK\jre\lib\jce.jar;D:\软件\JDK\jre\lib\charsets.jar;D:\软件\JDK\jre\lib\jfr.jar;D:\软件\JDK\jre\classes"/>
    <property name="user.script" value=""/>
    <property name="sun.management.compiler" value="HotSpot 64-Bit Tiered Compilers"/>
    <property name="java.runtime.version" value="1.8.0_191-b12"/>
    <property name="user.name" value="Hua-cloud"/>
    <property name="path.separator" value=";"/>
    <property name="os.version" value="10.0"/>
    <property name="java.endorsed.dirs" value="D:\软件\JDK\jre\lib\endorsed"/>
    <property name="java.runtime.name" value="Java(TM) SE Runtime Environment"/>
    <property name="file.encoding" value="GBK"/>
    <property name="java.vm.name" value="Java HotSpot(TM) 64-Bit Server VM"/>
    <property name="localRepository" value="C:\Users\Hua-cloud\.m2\repository"/>
    <property name="java.vendor.url.bug" value="http://bugreport.sun.com/bugreport/"/>
    <property name="java.io.tmpdir" value="C:\Users\HUA-CL~1\AppData\Local\Temp\"/>
    <property name="java.version" value="1.8.0_191"/>
    <property name="user.dir" value="D:\文档书籍代码\coding\华云中盛\jena-hai"/>
    <property name="os.arch" value="amd64"/>
    <property name="java.vm.specification.name" value="Java Virtual Machine Specification"/>
    <property name="java.awt.printerjob" value="sun.awt.windows.WPrinterJob"/>
    <property name="sun.os.patch.level" value=""/>
    <property name="java.library.path" value="D:\软件\JDK\jre\bin;C:\Windows\Sun\Java\bin;C:\Windows\system32;C:\Windows;D:\软件\Xftp\;D:\软件\Xshell\;C:\Windows\system32;C:\Windows;C:\Windows\System32\Wbem;C:\Windows\System32\WindowsPowerShell\v1.0\;C:\Windows\System32\OpenSSH\;C:\Program Files (x86)\Intel\Intel(R) Management Engine Components\DAL;C:\Program Files\Intel\Intel(R) Management Engine Components\DAL;D:\软件\GIT\bin;D:\软件\GIT\mingw64\libexec\git-core;D:\软件\JDK\bin;D:\软件\JDK\jre\bin;D:\软件\hadoop-common-2.2.0-bin-master\bin;C:\Users\Hua-cloud\AppData\Local\Microsoft\WindowsApps;D:\软件\SSLVPN-Win8\SSLVPN\bin;C:\Users\Hua-cloud\AppData\Local\BypassRuntm;."/>
    <property name="java.vm.info" value="mixed mode"/>
    <property name="java.vendor" value="Oracle Corporation"/>
    <property name="java.vm.version" value="25.191-b12"/>
    <property name="idea.version2019.3" value="true"/>
    <property name="java.ext.dirs" value="D:\软件\JDK\jre\lib\ext;C:\Windows\Sun\Java\lib\ext"/>
    <property name="sun.io.unicode.encoding" value="UnicodeLittle"/>
    <property name="java.class.version" value="52.0"/>
  </properties>
  <testcase name="shouldAnswerWithTrue" classname="org.example.AppTest" time="0.002"/>
</testsuite>